<?xml version="1.0" encoding="UTF-8"?>
<testsuite xmlns:xsi="http://www.w3.org/2001/XMLSchema-instance" xsi:noNamespaceSchemaLocation="https://maven.apache.org/surefire/maven-surefire-plugin/xsd/surefire-test-report.xsd" name="zm.co.alphabet.springboot.reactor.tutorial.FluxAndMonoFilterTest" time="0.004" tests="2" errors="0" skipped="0" failures="0">
  <properties>
    <property name="gopherProxySet" value="false"/>
    <property name="awt.toolkit" value="sun.lwawt.macosx.LWCToolkit"/>
    <property name="java.specification.version" value="11"/>
    <property name="sun.cpu.isalist" value=""/>
    <property name="sun.jnu.encoding" value="UTF-8"/>
    <property name="java.class.path" value="/Users/david/Documents/development/rand/java/reactor-tutorial/target/test-classes:/Users/david/Documents/development/rand/java/reactor-tutorial/target/classes:/Users/david/.m2/repository/org/springframework/boot/spring-boot-starter-data-mongodb-reactive/2.3.2.RELEASE/spring-boot-starter-data-mongodb-reactive-2.3.2.RELEASE.jar:/Users/david/.m2/repository/org/springframework/boot/spring-boot-starter/2.3.2.RELEASE/spring-boot-starter-2.3.2.RELEASE.jar:/Users/david/.m2/repository/org/springframework/boot/spring-boot/2.3.2.RELEASE/spring-boot-2.3.2.RELEASE.jar:/Users/david/.m2/repository/org/springframework/boot/spring-boot-autoconfigure/2.3.2.RELEASE/spring-boot-autoconfigure-2.3.2.RELEASE.jar:/Users/david/.m2/repository/org/springframework/boot/spring-boot-starter-logging/2.3.2.RELEASE/spring-boot-starter-logging-2.3.2.RELEASE.jar:/Users/david/.m2/repository/ch/qos/logback/logback-classic/1.2.3/logback-classic-1.2.3.jar:/Users/david/.m2/repository/ch/qos/logback/logback-core/1.2.3/logback-core-1.2.3.jar:/Users/david/.m2/repository/org/apache/logging/log4j/log4j-to-slf4j/2.13.3/log4j-to-slf4j-2.13.3.jar:/Users/david/.m2/repository/org/apache/logging/log4j/log4j-api/2.13.3/log4j-api-2.13.3.jar:/Users/david/.m2/repository/org/slf4j/jul-to-slf4j/1.7.30/jul-to-slf4j-1.7.30.jar:/Users/david/.m2/repository/jakarta/annotation/jakarta.annotation-api/1.3.5/jakarta.annotation-api-1.3.5.jar:/Users/david/.m2/repository/org/yaml/snakeyaml/1.26/snakeyaml-1.26.jar:/Users/david/.m2/repository/io/projectreactor/reactor-core/3.3.8.RELEASE/reactor-core-3.3.8.RELEASE.jar:/Users/david/.m2/repository/org/reactivestreams/reactive-streams/1.0.3/reactive-streams-1.0.3.jar:/Users/david/.m2/repository/org/mongodb/mongodb-driver-reactivestreams/4.0.5/mongodb-driver-reactivestreams-4.0.5.jar:/Users/david/.m2/repository/org/mongodb/bson/4.0.5/bson-4.0.5.jar:/Users/david/.m2/repository/org/mongodb/mongodb-driver-core/4.0.5/mongodb-driver-core-4.0.5.jar:/Users/david/.m2/repository/org/springframework/data/spring-data-mongodb/3.0.2.RELEASE/spring-data-mongodb-3.0.2.RELEASE.jar:/Users/david/.m2/repository/org/springframework/spring-tx/5.2.8.RELEASE/spring-tx-5.2.8.RELEASE.jar:/Users/david/.m2/repository/org/springframework/spring-context/5.2.8.RELEASE/spring-context-5.2.8.RELEASE.jar:/Users/david/.m2/repository/org/springframework/spring-aop/5.2.8.RELEASE/spring-aop-5.2.8.RELEASE.jar:/Users/david/.m2/repository/org/springframework/spring-beans/5.2.8.RELEASE/spring-beans-5.2.8.RELEASE.jar:/Users/david/.m2/repository/org/springframework/spring-expression/5.2.8.RELEASE/spring-expression-5.2.8.RELEASE.jar:/Users/david/.m2/repository/org/springframework/data/spring-data-commons/2.3.2.RELEASE/spring-data-commons-2.3.2.RELEASE.jar:/Users/david/.m2/repository/org/slf4j/slf4j-api/1.7.30/slf4j-api-1.7.30.jar:/Users/david/.m2/repository/org/springframework/boot/spring-boot-starter-webflux/2.3.2.RELEASE/spring-boot-starter-webflux-2.3.2.RELEASE.jar:/Users/david/.m2/repository/org/springframework/boot/spring-boot-starter-json/2.3.2.RELEASE/spring-boot-starter-json-2.3.2.RELEASE.jar:/Users/david/.m2/repository/com/fasterxml/jackson/core/jackson-databind/2.11.1/jackson-databind-2.11.1.jar:/Users/david/.m2/repository/com/fasterxml/jackson/core/jackson-annotations/2.11.1/jackson-annotations-2.11.1.jar:/Users/david/.m2/repository/com/fasterxml/jackson/core/jackson-core/2.11.1/jackson-core-2.11.1.jar:/Users/david/.m2/repository/com/fasterxml/jackson/datatype/jackson-datatype-jdk8/2.11.1/jackson-datatype-jdk8-2.11.1.jar:/Users/david/.m2/repository/com/fasterxml/jackson/datatype/jackson-datatype-jsr310/2.11.1/jackson-datatype-jsr310-2.11.1.jar:/Users/david/.m2/repository/com/fasterxml/jackson/module/jackson-module-parameter-names/2.11.1/jackson-module-parameter-names-2.11.1.jar:/Users/david/.m2/repository/org/springframework/boot/spring-boot-starter-reactor-netty/2.3.2.RELEASE/spring-boot-starter-reactor-netty-2.3.2.RELEASE.jar:/Users/david/.m2/repository/io/projectreactor/netty/reactor-netty/0.9.10.RELEASE/reactor-netty-0.9.10.RELEASE.jar:/Users/david/.m2/repository/io/netty/netty-codec-http/4.1.51.Final/netty-codec-http-4.1.51.Final.jar:/Users/david/.m2/repository/io/netty/netty-common/4.1.51.Final/netty-common-4.1.51.Final.jar:/Users/david/.m2/repository/io/netty/netty-buffer/4.1.51.Final/netty-buffer-4.1.51.Final.jar:/Users/david/.m2/repository/io/netty/netty-transport/4.1.51.Final/netty-transport-4.1.51.Final.jar:/Users/david/.m2/repository/io/netty/netty-codec/4.1.51.Final/netty-codec-4.1.51.Final.jar:/Users/david/.m2/repository/io/netty/netty-codec-http2/4.1.51.Final/netty-codec-http2-4.1.51.Final.jar:/Users/david/.m2/repository/io/netty/netty-handler/4.1.51.Final/netty-handler-4.1.51.Final.jar:/Users/david/.m2/repository/io/netty/netty-resolver/4.1.51.Final/netty-resolver-4.1.51.Final.jar:/Users/david/.m2/repository/io/netty/netty-handler-proxy/4.1.51.Final/netty-handler-proxy-4.1.51.Final.jar:/Users/david/.m2/repository/io/netty/netty-codec-socks/4.1.51.Final/netty-codec-socks-4.1.51.Final.jar:/Users/david/.m2/repository/io/netty/netty-transport-native-epoll/4.1.51.Final/netty-transport-native-epoll-4.1.51.Final-linux-x86_64.jar:/Users/david/.m2/repository/io/netty/netty-transport-native-unix-common/4.1.51.Final/netty-transport-native-unix-common-4.1.51.Final.jar:/Users/david/.m2/repository/org/springframework/spring-web/5.2.8.RELEASE/spring-web-5.2.8.RELEASE.jar:/Users/david/.m2/repository/org/springframework/spring-webflux/5.2.8.RELEASE/spring-webflux-5.2.8.RELEASE.jar:/Users/david/.m2/repository/org/synchronoss/cloud/nio-multipart-parser/1.1.0/nio-multipart-parser-1.1.0.jar:/Users/david/.m2/repository/org/synchronoss/cloud/nio-stream-storage/1.1.3/nio-stream-storage-1.1.3.jar:/Users/david/.m2/repository/org/projectlombok/lombok/1.18.12/lombok-1.18.12.jar:/Users/david/.m2/repository/org/springframework/boot/spring-boot-starter-test/2.3.2.RELEASE/spring-boot-starter-test-2.3.2.RELEASE.jar:/Users/david/.m2/repository/org/springframework/boot/spring-boot-test/2.3.2.RELEASE/spring-boot-test-2.3.2.RELEASE.jar:/Users/david/.m2/repository/org/springframework/boot/spring-boot-test-autoconfigure/2.3.2.RELEASE/spring-boot-test-autoconfigure-2.3.2.RELEASE.jar:/Users/david/.m2/repository/com/jayway/jsonpath/json-path/2.4.0/json-path-2.4.0.jar:/Users/david/.m2/repository/net/minidev/json-smart/2.3/json-smart-2.3.jar:/Users/david/.m2/repository/net/minidev/accessors-smart/1.2/accessors-smart-1.2.jar:/Users/david/.m2/repository/org/ow2/asm/asm/5.0.4/asm-5.0.4.jar:/Users/david/.m2/repository/jakarta/xml/bind/jakarta.xml.bind-api/2.3.3/jakarta.xml.bind-api-2.3.3.jar:/Users/david/.m2/repository/jakarta/activation/jakarta.activation-api/1.2.2/jakarta.activation-api-1.2.2.jar:/Users/david/.m2/repository/org/assertj/assertj-core/3.16.1/assertj-core-3.16.1.jar:/Users/david/.m2/repository/org/hamcrest/hamcrest/2.2/hamcrest-2.2.jar:/Users/david/.m2/repository/org/junit/jupiter/junit-jupiter/5.6.2/junit-jupiter-5.6.2.jar:/Users/david/.m2/repository/org/junit/jupiter/junit-jupiter-api/5.6.2/junit-jupiter-api-5.6.2.jar:/Users/david/.m2/repository/org/apiguardian/apiguardian-api/1.1.0/apiguardian-api-1.1.0.jar:/Users/david/.m2/repository/org/opentest4j/opentest4j/1.2.0/opentest4j-1.2.0.jar:/Users/david/.m2/repository/org/junit/platform/junit-platform-commons/1.6.2/junit-platform-commons-1.6.2.jar:/Users/david/.m2/repository/org/junit/jupiter/junit-jupiter-params/5.6.2/junit-jupiter-params-5.6.2.jar:/Users/david/.m2/repository/org/junit/jupiter/junit-jupiter-engine/5.6.2/junit-jupiter-engine-5.6.2.jar:/Users/david/.m2/repository/org/junit/platform/junit-platform-engine/1.6.2/junit-platform-engine-1.6.2.jar:/Users/david/.m2/repository/org/mockito/mockito-core/3.3.3/mockito-core-3.3.3.jar:/Users/david/.m2/repository/net/bytebuddy/byte-buddy/1.10.13/byte-buddy-1.10.13.jar:/Users/david/.m2/repository/net/bytebuddy/byte-buddy-agent/1.10.13/byte-buddy-agent-1.10.13.jar:/Users/david/.m2/repository/org/objenesis/objenesis/2.6/objenesis-2.6.jar:/Users/david/.m2/repository/org/mockito/mockito-junit-jupiter/3.3.3/mockito-junit-jupiter-3.3.3.jar:/Users/david/.m2/repository/org/skyscreamer/jsonassert/1.5.0/jsonassert-1.5.0.jar:/Users/david/.m2/repository/com/vaadin/external/google/android-json/0.0.20131108.vaadin1/android-json-0.0.20131108.vaadin1.jar:/Users/david/.m2/repository/org/springframework/spring-core/5.2.8.RELEASE/spring-core-5.2.8.RELEASE.jar:/Users/david/.m2/repository/org/springframework/spring-jcl/5.2.8.RELEASE/spring-jcl-5.2.8.RELEASE.jar:/Users/david/.m2/repository/org/springframework/spring-test/5.2.8.RELEASE/spring-test-5.2.8.RELEASE.jar:/Users/david/.m2/repository/org/xmlunit/xmlunit-core/2.7.0/xmlunit-core-2.7.0.jar:/Users/david/.m2/repository/de/flapdoodle/embed/de.flapdoodle.embed.mongo/2.2.0/de.flapdoodle.embed.mongo-2.2.0.jar:/Users/david/.m2/repository/de/flapdoodle/embed/de.flapdoodle.embed.process/2.1.2/de.flapdoodle.embed.process-2.1.2.jar:/Users/david/.m2/repository/org/apache/commons/commons-lang3/3.10/commons-lang3-3.10.jar:/Users/david/.m2/repository/net/java/dev/jna/jna/4.0.0/jna-4.0.0.jar:/Users/david/.m2/repository/net/java/dev/jna/jna-platform/4.0.0/jna-platform-4.0.0.jar:/Users/david/.m2/repository/org/apache/commons/commons-compress/1.18/commons-compress-1.18.jar:/Users/david/.m2/repository/io/projectreactor/reactor-test/3.3.8.RELEASE/reactor-test-3.3.8.RELEASE.jar:"/>
    <property name="java.vm.vendor" value="Oracle Corporation"/>
    <property name="sun.arch.data.model" value="64"/>
    <property name="java.vendor.url" value="https://openjdk.java.net/"/>
    <property name="user.timezone" value=""/>
    <property name="java.vm.specification.version" value="11"/>
    <property name="os.name" value="Mac OS X"/>
    <property name="sun.java.launcher" value="SUN_STANDARD"/>
    <property name="user.country" value="ZM"/>
    <property name="sun.boot.library.path" value="/Library/Java/JavaVirtualMachines/jdk-11.0.8.jdk/Contents/Home/lib"/>
    <property name="sun.java.command" value="/Users/david/Documents/development/rand/java/reactor-tutorial/target/surefire/surefirebooter3524227914073134793.jar /Users/david/Documents/development/rand/java/reactor-tutorial/target/surefire 2020-08-10T12-19-22_560-jvmRun1 surefire8168104258154461494tmp surefire_0178069931338289481tmp"/>
    <property name="http.nonProxyHosts" value="local|*.local|169.254/16|*.169.254/16"/>
    <property name="jdk.debug" value="release"/>
    <property name="surefire.test.class.path" value="/Users/david/Documents/development/rand/java/reactor-tutorial/target/test-classes:/Users/david/Documents/development/rand/java/reactor-tutorial/target/classes:/Users/david/.m2/repository/org/springframework/boot/spring-boot-starter-data-mongodb-reactive/2.3.2.RELEASE/spring-boot-starter-data-mongodb-reactive-2.3.2.RELEASE.jar:/Users/david/.m2/repository/org/springframework/boot/spring-boot-starter/2.3.2.RELEASE/spring-boot-starter-2.3.2.RELEASE.jar:/Users/david/.m2/repository/org/springframework/boot/spring-boot/2.3.2.RELEASE/spring-boot-2.3.2.RELEASE.jar:/Users/david/.m2/repository/org/springframework/boot/spring-boot-autoconfigure/2.3.2.RELEASE/spring-boot-autoconfigure-2.3.2.RELEASE.jar:/Users/david/.m2/repository/org/springframework/boot/spring-boot-starter-logging/2.3.2.RELEASE/spring-boot-starter-logging-2.3.2.RELEASE.jar:/Users/david/.m2/repository/ch/qos/logback/logback-classic/1.2.3/logback-classic-1.2.3.jar:/Users/david/.m2/repository/ch/qos/logback/logback-core/1.2.3/logback-core-1.2.3.jar:/Users/david/.m2/repository/org/apache/logging/log4j/log4j-to-slf4j/2.13.3/log4j-to-slf4j-2.13.3.jar:/Users/david/.m2/repository/org/apache/logging/log4j/log4j-api/2.13.3/log4j-api-2.13.3.jar:/Users/david/.m2/repository/org/slf4j/jul-to-slf4j/1.7.30/jul-to-slf4j-1.7.30.jar:/Users/david/.m2/repository/jakarta/annotation/jakarta.annotation-api/1.3.5/jakarta.annotation-api-1.3.5.jar:/Users/david/.m2/repository/org/yaml/snakeyaml/1.26/snakeyaml-1.26.jar:/Users/david/.m2/repository/io/projectreactor/reactor-core/3.3.8.RELEASE/reactor-core-3.3.8.RELEASE.jar:/Users/david/.m2/repository/org/reactivestreams/reactive-streams/1.0.3/reactive-streams-1.0.3.jar:/Users/david/.m2/repository/org/mongodb/mongodb-driver-reactivestreams/4.0.5/mongodb-driver-reactivestreams-4.0.5.jar:/Users/david/.m2/repository/org/mongodb/bson/4.0.5/bson-4.0.5.jar:/Users/david/.m2/repository/org/mongodb/mongodb-driver-core/4.0.5/mongodb-driver-core-4.0.5.jar:/Users/david/.m2/repository/org/springframework/data/spring-data-mongodb/3.0.2.RELEASE/spring-data-mongodb-3.0.2.RELEASE.jar:/Users/david/.m2/repository/org/springframework/spring-tx/5.2.8.RELEASE/spring-tx-5.2.8.RELEASE.jar:/Users/david/.m2/repository/org/springframework/spring-context/5.2.8.RELEASE/spring-context-5.2.8.RELEASE.jar:/Users/david/.m2/repository/org/springframework/spring-aop/5.2.8.RELEASE/spring-aop-5.2.8.RELEASE.jar:/Users/david/.m2/repository/org/springframework/spring-beans/5.2.8.RELEASE/spring-beans-5.2.8.RELEASE.jar:/Users/david/.m2/repository/org/springframework/spring-expression/5.2.8.RELEASE/spring-expression-5.2.8.RELEASE.jar:/Users/david/.m2/repository/org/springframework/data/spring-data-commons/2.3.2.RELEASE/spring-data-commons-2.3.2.RELEASE.jar:/Users/david/.m2/repository/org/slf4j/slf4j-api/1.7.30/slf4j-api-1.7.30.jar:/Users/david/.m2/repository/org/springframework/boot/spring-boot-starter-webflux/2.3.2.RELEASE/spring-boot-starter-webflux-2.3.2.RELEASE.jar:/Users/david/.m2/repository/org/springframework/boot/spring-boot-starter-json/2.3.2.RELEASE/spring-boot-starter-json-2.3.2.RELEASE.jar:/Users/david/.m2/repository/com/fasterxml/jackson/core/jackson-databind/2.11.1/jackson-databind-2.11.1.jar:/Users/david/.m2/repository/com/fasterxml/jackson/core/jackson-annotations/2.11.1/jackson-annotations-2.11.1.jar:/Users/david/.m2/repository/com/fasterxml/jackson/core/jackson-core/2.11.1/jackson-core-2.11.1.jar:/Users/david/.m2/repository/com/fasterxml/jackson/datatype/jackson-datatype-jdk8/2.11.1/jackson-datatype-jdk8-2.11.1.jar:/Users/david/.m2/repository/com/fasterxml/jackson/datatype/jackson-datatype-jsr310/2.11.1/jackson-datatype-jsr310-2.11.1.jar:/Users/david/.m2/repository/com/fasterxml/jackson/module/jackson-module-parameter-names/2.11.1/jackson-module-parameter-names-2.11.1.jar:/Users/david/.m2/repository/org/springframework/boot/spring-boot-starter-reactor-netty/2.3.2.RELEASE/spring-boot-starter-reactor-netty-2.3.2.RELEASE.jar:/Users/david/.m2/repository/io/projectreactor/netty/reactor-netty/0.9.10.RELEASE/reactor-netty-0.9.10.RELEASE.jar:/Users/david/.m2/repository/io/netty/netty-codec-http/4.1.51.Final/netty-codec-http-4.1.51.Final.jar:/Users/david/.m2/repository/io/netty/netty-common/4.1.51.Final/netty-common-4.1.51.Final.jar:/Users/david/.m2/repository/io/netty/netty-buffer/4.1.51.Final/netty-buffer-4.1.51.Final.jar:/Users/david/.m2/repository/io/netty/netty-transport/4.1.51.Final/netty-transport-4.1.51.Final.jar:/Users/david/.m2/repository/io/netty/netty-codec/4.1.51.Final/netty-codec-4.1.51.Final.jar:/Users/david/.m2/repository/io/netty/netty-codec-http2/4.1.51.Final/netty-codec-http2-4.1.51.Final.jar:/Users/david/.m2/repository/io/netty/netty-handler/4.1.51.Final/netty-handler-4.1.51.Final.jar:/Users/david/.m2/repository/io/netty/netty-resolver/4.1.51.Final/netty-resolver-4.1.51.Final.jar:/Users/david/.m2/repository/io/netty/netty-handler-proxy/4.1.51.Final/netty-handler-proxy-4.1.51.Final.jar:/Users/david/.m2/repository/io/netty/netty-codec-socks/4.1.51.Final/netty-codec-socks-4.1.51.Final.jar:/Users/david/.m2/repository/io/netty/netty-transport-native-epoll/4.1.51.Final/netty-transport-native-epoll-4.1.51.Final-linux-x86_64.jar:/Users/david/.m2/repository/io/netty/netty-transport-native-unix-common/4.1.51.Final/netty-transport-native-unix-common-4.1.51.Final.jar:/Users/david/.m2/repository/org/springframework/spring-web/5.2.8.RELEASE/spring-web-5.2.8.RELEASE.jar:/Users/david/.m2/repository/org/springframework/spring-webflux/5.2.8.RELEASE/spring-webflux-5.2.8.RELEASE.jar:/Users/david/.m2/repository/org/synchronoss/cloud/nio-multipart-parser/1.1.0/nio-multipart-parser-1.1.0.jar:/Users/david/.m2/repository/org/synchronoss/cloud/nio-stream-storage/1.1.3/nio-stream-storage-1.1.3.jar:/Users/david/.m2/repository/org/projectlombok/lombok/1.18.12/lombok-1.18.12.jar:/Users/david/.m2/repository/org/springframework/boot/spring-boot-starter-test/2.3.2.RELEASE/spring-boot-starter-test-2.3.2.RELEASE.jar:/Users/david/.m2/repository/org/springframework/boot/spring-boot-test/2.3.2.RELEASE/spring-boot-test-2.3.2.RELEASE.jar:/Users/david/.m2/repository/org/springframework/boot/spring-boot-test-autoconfigure/2.3.2.RELEASE/spring-boot-test-autoconfigure-2.3.2.RELEASE.jar:/Users/david/.m2/repository/com/jayway/jsonpath/json-path/2.4.0/json-path-2.4.0.jar:/Users/david/.m2/repository/net/minidev/json-smart/2.3/json-smart-2.3.jar:/Users/david/.m2/repository/net/minidev/accessors-smart/1.2/accessors-smart-1.2.jar:/Users/david/.m2/repository/org/ow2/asm/asm/5.0.4/asm-5.0.4.jar:/Users/david/.m2/repository/jakarta/xml/bind/jakarta.xml.bind-api/2.3.3/jakarta.xml.bind-api-2.3.3.jar:/Users/david/.m2/repository/jakarta/activation/jakarta.activation-api/1.2.2/jakarta.activation-api-1.2.2.jar:/Users/david/.m2/repository/org/assertj/assertj-core/3.16.1/assertj-core-3.16.1.jar:/Users/david/.m2/repository/org/hamcrest/hamcrest/2.2/hamcrest-2.2.jar:/Users/david/.m2/repository/org/junit/jupiter/junit-jupiter/5.6.2/junit-jupiter-5.6.2.jar:/Users/david/.m2/repository/org/junit/jupiter/junit-jupiter-api/5.6.2/junit-jupiter-api-5.6.2.jar:/Users/david/.m2/repository/org/apiguardian/apiguardian-api/1.1.0/apiguardian-api-1.1.0.jar:/Users/david/.m2/repository/org/opentest4j/opentest4j/1.2.0/opentest4j-1.2.0.jar:/Users/david/.m2/repository/org/junit/platform/junit-platform-commons/1.6.2/junit-platform-commons-1.6.2.jar:/Users/david/.m2/repository/org/junit/jupiter/junit-jupiter-params/5.6.2/junit-jupiter-params-5.6.2.jar:/Users/david/.m2/repository/org/junit/jupiter/junit-jupiter-engine/5.6.2/junit-jupiter-engine-5.6.2.jar:/Users/david/.m2/repository/org/junit/platform/junit-platform-engine/1.6.2/junit-platform-engine-1.6.2.jar:/Users/david/.m2/repository/org/mockito/mockito-core/3.3.3/mockito-core-3.3.3.jar:/Users/david/.m2/repository/net/bytebuddy/byte-buddy/1.10.13/byte-buddy-1.10.13.jar:/Users/david/.m2/repository/net/bytebuddy/byte-buddy-agent/1.10.13/byte-buddy-agent-1.10.13.jar:/Users/david/.m2/repository/org/objenesis/objenesis/2.6/objenesis-2.6.jar:/Users/david/.m2/repository/org/mockito/mockito-junit-jupiter/3.3.3/mockito-junit-jupiter-3.3.3.jar:/Users/david/.m2/repository/org/skyscreamer/jsonassert/1.5.0/jsonassert-1.5.0.jar:/Users/david/.m2/repository/com/vaadin/external/google/android-json/0.0.20131108.vaadin1/android-json-0.0.20131108.vaadin1.jar:/Users/david/.m2/repository/org/springframework/spring-core/5.2.8.RELEASE/spring-core-5.2.8.RELEASE.jar:/Users/david/.m2/repository/org/springframework/spring-jcl/5.2.8.RELEASE/spring-jcl-5.2.8.RELEASE.jar:/Users/david/.m2/repository/org/springframework/spring-test/5.2.8.RELEASE/spring-test-5.2.8.RELEASE.jar:/Users/david/.m2/repository/org/xmlunit/xmlunit-core/2.7.0/xmlunit-core-2.7.0.jar:/Users/david/.m2/repository/de/flapdoodle/embed/de.flapdoodle.embed.mongo/2.2.0/de.flapdoodle.embed.mongo-2.2.0.jar:/Users/david/.m2/repository/de/flapdoodle/embed/de.flapdoodle.embed.process/2.1.2/de.flapdoodle.embed.process-2.1.2.jar:/Users/david/.m2/repository/org/apache/commons/commons-lang3/3.10/commons-lang3-3.10.jar:/Users/david/.m2/repository/net/java/dev/jna/jna/4.0.0/jna-4.0.0.jar:/Users/david/.m2/repository/net/java/dev/jna/jna-platform/4.0.0/jna-platform-4.0.0.jar:/Users/david/.m2/repository/org/apache/commons/commons-compress/1.18/commons-compress-1.18.jar:/Users/david/.m2/repository/io/projectreactor/reactor-test/3.3.8.RELEASE/reactor-test-3.3.8.RELEASE.jar:"/>
    <property name="sun.cpu.endian" value="little"/>
    <property name="user.home" value="/Users/david"/>
    <property name="user.language" value="en"/>
    <property name="java.specification.vendor" value="Oracle Corporation"/>
    <property name="java.version.date" value="2020-07-14"/>
    <property name="java.home" value="/Library/Java/JavaVirtualMachines/jdk-11.0.8.jdk/Contents/Home"/>
    <property name="file.separator" value="/"/>
    <property name="basedir" value="/Users/david/Documents/development/rand/java/reactor-tutorial"/>
    <property name="java.vm.compressedOopsMode" value="Zero based"/>
    <property name="line.separator" value="&#10;"/>
    <property name="java.specification.name" value="Java Platform API Specification"/>
    <property name="java.vm.specification.vendor" value="Oracle Corporation"/>
    <property name="java.awt.graphicsenv" value="sun.awt.CGraphicsEnvironment"/>
    <property name="surefire.real.class.path" value="/Users/david/Documents/development/rand/java/reactor-tutorial/target/surefire/surefirebooter3524227914073134793.jar"/>
    <property name="sun.management.compiler" value="HotSpot 64-Bit Tiered Compilers"/>
    <property name="ftp.nonProxyHosts" value="local|*.local|169.254/16|*.169.254/16"/>
    <property name="java.runtime.version" value="11.0.8+10-LTS"/>
    <property name="user.name" value="david"/>
    <property name="path.separator" value=":"/>
    <property name="os.version" value="10.15.6"/>
    <property name="java.runtime.name" value="Java(TM) SE Runtime Environment"/>
    <property name="file.encoding" value="US-ASCII"/>
    <property name="java.vm.name" value="Java HotSpot(TM) 64-Bit Server VM"/>
    <property name="java.vendor.version" value="18.9"/>
    <property name="localRepository" value="/Users/david/.m2/repository"/>
    <property name="java.vendor.url.bug" value="https://bugreport.java.com/bugreport/"/>
    <property name="java.io.tmpdir" value="/var/folders/yd/b7f_yp915530qnmfsnsqqmcm0000gn/T/"/>
    <property name="java.version" value="11.0.8"/>
    <property name="user.dir" value="/Users/david/Documents/development/rand/java/reactor-tutorial"/>
    <property name="os.arch" value="x86_64"/>
    <property name="java.vm.specification.name" value="Java Virtual Machine Specification"/>
    <property name="java.awt.printerjob" value="sun.lwawt.macosx.CPrinterJob"/>
    <property name="sun.os.patch.level" value="unknown"/>
    <property name="java.library.path" value="/Users/david/Library/Java/Extensions:/Library/Java/Extensions:/Network/Library/Java/Extensions:/System/Library/Java/Extensions:/usr/lib/java:."/>
    <property name="java.vendor" value="Oracle Corporation"/>
    <property name="java.vm.info" value="mixed mode"/>
    <property name="java.vm.version" value="11.0.8+10-LTS"/>
    <property name="sun.io.unicode.encoding" value="UnicodeBig"/>
    <property name="java.class.version" value="55.0"/>
    <property name="socksNonProxyHosts" value="local|*.local|169.254/16|*.169.254/16"/>
  </properties>
  <testcase name="filterTest" classname="zm.co.alphabet.springboot.reactor.tutorial.FluxAndMonoFilterTest" time="0.001"/>
  <testcase name="filterTestLength" classname="zm.co.alphabet.springboot.reactor.tutorial.FluxAndMonoFilterTest" time="0.002"/>
</testsuite>